2025-06-22 21:43:41,671 - mentions_bot - INFO - Starting Twitter mentions bot...
2025-06-22 21:43:41,671 - mentions_bot - INFO - Twitter client initialized
2025-06-22 21:43:41,671 - mentions_bot - INFO - Mentions logger initialized with path: mentions.csv
2025-06-22 21:43:41,671 - mentions_bot - INFO - Mentions bot initialized successfully
2025-06-22 21:43:41,672 - mentions_bot - INFO - Last seen ID file not found at C:/Program Files/Git/app/data/last_seen_id.txt
2025-06-22 21:43:42,047 - mentions_bot - INFO - Rate limit for mentions: 180/180, resets in 899 seconds
2025-06-22 21:43:42,048 - mentions_bot - INFO - Fetching mentions...
2025-06-22 21:43:42,456 - mentions_bot - INFO - Found 10 new mentions
2025-06-22 21:43:42,458 - mentions_bot - INFO - Added 10 new mentions to CSV
2025-06-22 21:43:42,458 - mentions_bot - INFO - Added 10 unique mentions to CSV
2025-06-22 21:43:42,458 - mentions_bot - ERROR - Error writing last seen ID: [Errno 2] No such file or directory: 'C:/Program Files/Git/app/data/last_seen_id.txt'
2025-06-22 21:43:42,458 - mentions_bot - INFO - Updated last seen ID to 1936837554319261946
2025-06-22 21:43:42,458 - mentions_bot - INFO - Mentions bot run complete
2025-06-22 21:44:54,489 - mentions_bot - INFO - Starting Twitter mentions bot...
2025-06-22 21:44:54,489 - mentions_bot - INFO - Twitter client initialized
2025-06-22 21:44:54,490 - mentions_bot - INFO - Loaded 10 existing tweet IDs from CSV
2025-06-22 21:44:54,490 - mentions_bot - INFO - Mentions logger initialized with path: mentions.csv
2025-06-22 21:44:54,491 - mentions_bot - INFO - Mentions bot initialized successfully
2025-06-22 21:44:54,491 - mentions_bot - INFO - Last seen ID file not found at C:/Program Files/Git/app/data/last_seen_id.txt
2025-06-22 21:44:54,732 - mentions_bot - INFO - Rate limit for mentions: 180/180, resets in 900 seconds
2025-06-22 21:44:54,732 - mentions_bot - INFO - Fetching mentions...
2025-06-22 21:44:54,990 - mentions_bot - WARNING - Rate limit hit while fetching mentions: 429 Too Many Requests
Too Many Requests
2025-06-22 21:44:54,990 - eli5bot - INFO - Adding 30-second safety buffer to rate limit reset time. Total wait: 858 seconds
2025-06-22 21:44:54,991 - mentions_bot - INFO - Need to wait 858 seconds before retrying
2025-06-22 21:44:54,991 - eli5bot - INFO - Adding 30-second safety buffer to rate limit reset time. Total wait: 858 seconds
2025-06-22 21:44:54,991 - mentions_bot - WARNING - Rate limit hit while fetching mentions. Need to wait 858 seconds.
2025-06-22 21:44:54,991 - mentions_bot - INFO - Waiting for rate limit to reset: 888 seconds remaining...
2025-06-22 21:45:24,992 - mentions_bot - INFO - Waiting for rate limit to reset: 858 seconds remaining...
2025-06-22 21:45:54,993 - mentions_bot - INFO - Waiting for rate limit to reset: 828 seconds remaining...
2025-06-22 21:46:24,994 - mentions_bot - INFO - Waiting for rate limit to reset: 798 seconds remaining...
2025-06-22 21:46:54,994 - mentions_bot - INFO - Waiting for rate limit to reset: 768 seconds remaining...
2025-06-22 21:47:24,995 - mentions_bot - INFO - Waiting for rate limit to reset: 738 seconds remaining...
2025-06-22 21:47:54,996 - mentions_bot - INFO - Waiting for rate limit to reset: 708 seconds remaining...
2025-06-22 21:48:24,997 - mentions_bot - INFO - Waiting for rate limit to reset: 678 seconds remaining...
2025-06-22 21:48:54,998 - mentions_bot - INFO - Waiting for rate limit to reset: 648 seconds remaining...
2025-06-22 21:49:24,998 - mentions_bot - INFO - Waiting for rate limit to reset: 618 seconds remaining...
2025-06-22 21:49:54,999 - mentions_bot - INFO - Waiting for rate limit to reset: 588 seconds remaining...
2025-06-22 21:50:25,000 - mentions_bot - INFO - Waiting for rate limit to reset: 558 seconds remaining...
2025-06-22 21:50:55,001 - mentions_bot - INFO - Waiting for rate limit to reset: 528 seconds remaining...
2025-06-22 21:51:25,002 - mentions_bot - INFO - Waiting for rate limit to reset: 498 seconds remaining...
2025-06-22 21:51:55,003 - mentions_bot - INFO - Waiting for rate limit to reset: 468 seconds remaining...
2025-06-22 21:52:25,003 - mentions_bot - INFO - Waiting for rate limit to reset: 438 seconds remaining...
2025-06-22 21:52:55,004 - mentions_bot - INFO - Waiting for rate limit to reset: 408 seconds remaining...
2025-06-22 21:53:25,005 - mentions_bot - INFO - Waiting for rate limit to reset: 378 seconds remaining...
2025-06-22 21:53:55,005 - mentions_bot - INFO - Waiting for rate limit to reset: 348 seconds remaining...
2025-06-22 21:54:25,006 - mentions_bot - INFO - Waiting for rate limit to reset: 318 seconds remaining...
2025-06-22 21:54:55,007 - mentions_bot - INFO - Waiting for rate limit to reset: 288 seconds remaining...
2025-06-22 21:55:25,008 - mentions_bot - INFO - Waiting for rate limit to reset: 258 seconds remaining...
2025-06-22 21:55:55,008 - mentions_bot - INFO - Waiting for rate limit to reset: 228 seconds remaining...
2025-06-22 21:56:25,009 - mentions_bot - INFO - Waiting for rate limit to reset: 198 seconds remaining...
2025-06-22 21:56:55,010 - mentions_bot - INFO - Waiting for rate limit to reset: 168 seconds remaining...
2025-06-22 21:57:25,011 - mentions_bot - INFO - Waiting for rate limit to reset: 138 seconds remaining...
2025-06-22 21:57:55,012 - mentions_bot - INFO - Waiting for rate limit to reset: 108 seconds remaining...
2025-06-22 21:58:25,012 - mentions_bot - INFO - Waiting for rate limit to reset: 78 seconds remaining...
2025-06-22 21:58:55,014 - mentions_bot - INFO - Waiting for rate limit to reset: 48 seconds remaining...
2025-06-22 21:59:25,015 - mentions_bot - INFO - Waiting for rate limit to reset: 18 seconds remaining...
2025-06-22 21:59:43,016 - mentions_bot - INFO - Rate limit wait complete. Will try again on next run.
2025-06-22 21:59:43,017 - mentions_bot - INFO - Mentions bot run complete
2025-06-22 22:08:25,152 - mentions_bot - INFO - Starting Twitter mentions bot...
2025-06-22 22:08:25,153 - mentions_bot - INFO - Twitter client initialized
2025-06-22 22:08:25,154 - mentions_bot - INFO - Loaded 10 existing tweet IDs from CSV
2025-06-22 22:08:25,154 - mentions_bot - INFO - Mentions logger initialized with path: mentions.csv
2025-06-22 22:08:25,154 - mentions_bot - INFO - Mentions bot initialized successfully
2025-06-22 22:08:25,154 - mentions_bot - INFO - Last seen ID file not found at C:/Program Files/Git/app/data/last_seen_id.txt
2025-06-22 22:08:25,371 - mentions_bot - INFO - Rate limit for mentions: 180/180, resets in 900 seconds
2025-06-22 22:08:25,372 - mentions_bot - INFO - Fetching mentions...
2025-06-22 22:08:25,563 - mentions_bot - WARNING - Rate limit hit while fetching mentions: 429 Too Many Requests
Too Many Requests
2025-06-22 22:08:25,563 - eli5bot - INFO - Adding 30-second safety buffer to rate limit reset time. Total wait: 812 seconds
2025-06-22 22:08:25,563 - mentions_bot - INFO - Need to wait 812 seconds before retrying
2025-06-22 22:08:25,564 - eli5bot - INFO - Adding 30-second safety buffer to rate limit reset time. Total wait: 812 seconds
2025-06-22 22:08:25,564 - mentions_bot - WARNING - Rate limit hit while fetching mentions. Need to wait 812 seconds.
2025-06-22 22:08:25,564 - mentions_bot - INFO - Waiting for rate limit to reset: 842 seconds remaining...
2025-06-22 22:08:55,565 - mentions_bot - INFO - Waiting for rate limit to reset: 812 seconds remaining...
2025-06-22 22:09:25,566 - mentions_bot - INFO - Waiting for rate limit to reset: 782 seconds remaining...
2025-06-22 22:09:55,569 - mentions_bot - INFO - Waiting for rate limit to reset: 752 seconds remaining...
2025-06-22 22:10:25,569 - mentions_bot - INFO - Waiting for rate limit to reset: 722 seconds remaining...
2025-06-22 22:10:55,571 - mentions_bot - INFO - Waiting for rate limit to reset: 692 seconds remaining...
2025-06-22 22:11:25,572 - mentions_bot - INFO - Waiting for rate limit to reset: 662 seconds remaining...
2025-06-22 22:11:55,573 - mentions_bot - INFO - Waiting for rate limit to reset: 632 seconds remaining...
2025-06-22 22:12:25,574 - mentions_bot - INFO - Waiting for rate limit to reset: 602 seconds remaining...
2025-06-22 22:12:55,575 - mentions_bot - INFO - Waiting for rate limit to reset: 572 seconds remaining...
2025-06-22 22:13:25,576 - mentions_bot - INFO - Waiting for rate limit to reset: 542 seconds remaining...
2025-06-22 22:13:55,577 - mentions_bot - INFO - Waiting for rate limit to reset: 512 seconds remaining...
2025-06-22 22:14:25,578 - mentions_bot - INFO - Waiting for rate limit to reset: 482 seconds remaining...
2025-06-22 22:14:55,579 - mentions_bot - INFO - Waiting for rate limit to reset: 452 seconds remaining...
2025-06-22 22:15:25,580 - mentions_bot - INFO - Waiting for rate limit to reset: 422 seconds remaining...
2025-06-22 22:15:55,580 - mentions_bot - INFO - Waiting for rate limit to reset: 392 seconds remaining...
2025-06-22 22:16:25,581 - mentions_bot - INFO - Waiting for rate limit to reset: 362 seconds remaining...
2025-06-22 22:16:55,582 - mentions_bot - INFO - Waiting for rate limit to reset: 332 seconds remaining...
2025-06-22 22:17:25,583 - mentions_bot - INFO - Waiting for rate limit to reset: 302 seconds remaining...
2025-06-22 22:17:55,584 - mentions_bot - INFO - Waiting for rate limit to reset: 272 seconds remaining...
2025-06-22 22:18:25,585 - mentions_bot - INFO - Waiting for rate limit to reset: 242 seconds remaining...
2025-06-22 22:18:55,586 - mentions_bot - INFO - Waiting for rate limit to reset: 212 seconds remaining...
2025-06-22 22:19:25,587 - mentions_bot - INFO - Waiting for rate limit to reset: 182 seconds remaining...
2025-06-22 22:19:55,588 - mentions_bot - INFO - Waiting for rate limit to reset: 152 seconds remaining...
2025-06-22 22:20:25,589 - mentions_bot - INFO - Waiting for rate limit to reset: 122 seconds remaining...
2025-06-22 22:20:55,590 - mentions_bot - INFO - Waiting for rate limit to reset: 92 seconds remaining...
2025-06-22 22:21:25,591 - mentions_bot - INFO - Waiting for rate limit to reset: 62 seconds remaining...
2025-06-22 22:21:55,592 - mentions_bot - INFO - Waiting for rate limit to reset: 32 seconds remaining...
2025-06-22 22:22:25,593 - mentions_bot - INFO - Waiting for rate limit to reset: 2 seconds remaining...
2025-06-22 22:22:27,594 - mentions_bot - INFO - Rate limit wait complete. Will try again on next run.
2025-06-22 22:22:27,595 - mentions_bot - INFO - Mentions bot run complete
2025-06-22 22:44:16,478 - mentions_bot - INFO - Starting Twitter mentions bot...
2025-06-22 22:44:16,478 - mentions_bot - INFO - Twitter client initialized
2025-06-22 22:44:16,479 - mentions_bot - INFO - Loaded 10 existing tweet IDs from CSV
2025-06-22 22:44:16,479 - mentions_bot - INFO - Mentions logger initialized with path: mentions.csv
2025-06-22 22:44:16,479 - mentions_bot - INFO - Mentions bot initialized successfully
2025-06-22 22:44:16,480 - mentions_bot - INFO - Last seen ID file not found at C:/Program Files/Git/app/data/last_seen_id.txt
2025-06-22 22:44:16,797 - mentions_bot - INFO - Rate limit for mentions: 180/180, resets in 900 seconds
2025-06-22 22:44:16,797 - mentions_bot - INFO - Fetching mentions...
2025-06-22 22:44:17,131 - mentions_bot - WARNING - Rate limit hit while fetching mentions: 429 Too Many Requests
Too Many Requests
2025-06-22 22:44:17,132 - eli5bot - INFO - Adding 30-second safety buffer to rate limit reset time. Total wait: 585 seconds
2025-06-22 22:44:17,132 - mentions_bot - INFO - Need to wait 585 seconds before retrying
2025-06-22 22:44:17,132 - eli5bot - INFO - Adding 30-second safety buffer to rate limit reset time. Total wait: 585 seconds
2025-06-22 22:44:17,132 - mentions_bot - WARNING - Rate limit hit while fetching mentions. Need to wait 585 seconds.
2025-06-22 22:44:17,132 - mentions_bot - INFO - Waiting for rate limit to reset: 615 seconds remaining...
2025-06-22 22:44:47,133 - mentions_bot - INFO - Waiting for rate limit to reset: 585 seconds remaining...
2025-06-22 22:45:17,134 - mentions_bot - INFO - Waiting for rate limit to reset: 555 seconds remaining...
2025-06-22 22:45:47,135 - mentions_bot - INFO - Waiting for rate limit to reset: 525 seconds remaining...
2025-06-22 22:46:17,136 - mentions_bot - INFO - Waiting for rate limit to reset: 495 seconds remaining...
2025-06-22 22:46:47,137 - mentions_bot - INFO - Waiting for rate limit to reset: 465 seconds remaining...
2025-06-22 22:47:17,138 - mentions_bot - INFO - Waiting for rate limit to reset: 435 seconds remaining...
2025-06-22 22:47:47,139 - mentions_bot - INFO - Waiting for rate limit to reset: 405 seconds remaining...
2025-06-22 22:48:17,139 - mentions_bot - INFO - Waiting for rate limit to reset: 375 seconds remaining...
2025-06-22 22:48:47,140 - mentions_bot - INFO - Waiting for rate limit to reset: 345 seconds remaining...
2025-06-22 22:49:17,141 - mentions_bot - INFO - Waiting for rate limit to reset: 315 seconds remaining...
2025-06-22 22:49:47,141 - mentions_bot - INFO - Waiting for rate limit to reset: 285 seconds remaining...
2025-06-22 22:50:17,142 - mentions_bot - INFO - Waiting for rate limit to reset: 255 seconds remaining...
2025-06-22 22:50:47,143 - mentions_bot - INFO - Waiting for rate limit to reset: 225 seconds remaining...
2025-06-22 22:51:17,144 - mentions_bot - INFO - Waiting for rate limit to reset: 195 seconds remaining...
2025-06-22 22:51:47,144 - mentions_bot - INFO - Waiting for rate limit to reset: 165 seconds remaining...
2025-06-22 22:52:17,145 - mentions_bot - INFO - Waiting for rate limit to reset: 135 seconds remaining...
2025-06-22 22:52:47,146 - mentions_bot - INFO - Waiting for rate limit to reset: 105 seconds remaining...
2025-06-22 22:53:17,147 - mentions_bot - INFO - Waiting for rate limit to reset: 75 seconds remaining...
2025-06-22 22:53:47,147 - mentions_bot - INFO - Waiting for rate limit to reset: 45 seconds remaining...
2025-06-22 22:54:17,148 - mentions_bot - INFO - Waiting for rate limit to reset: 15 seconds remaining...
2025-06-22 22:54:17,711 - mentions_bot - INFO - Bot stopped by user
2025-06-22 22:54:18,866 - mentions_bot - INFO - Starting Twitter mentions bot...
2025-06-22 22:54:18,867 - mentions_bot - INFO - Twitter client initialized
2025-06-22 22:54:18,867 - mentions_bot - INFO - Loaded 0 existing tweet IDs from CSV
2025-06-22 22:54:18,867 - mentions_bot - INFO - Mentions logger initialized with path: mentions.csv
2025-06-22 22:54:18,868 - mentions_bot - INFO - Mentions bot initialized successfully
2025-06-22 22:54:18,868 - mentions_bot - INFO - Last seen ID file not found at C:/Program Files/Git/app/data/last_seen_id.txt
2025-06-22 22:54:19,183 - mentions_bot - INFO - Rate limit for mentions: 180/180, resets in 900 seconds
2025-06-22 22:54:19,183 - mentions_bot - INFO - Fetching mentions...
2025-06-22 22:54:19,184 - tweepy.client - WARNING - Unexpected parameter: user.fields
2025-06-22 22:54:19,471 - mentions_bot - ERROR - Error fetching mentions: 
2025-06-22 22:54:19,472 - mentions_bot - INFO - No new mentions found
2025-06-22 22:54:19,472 - mentions_bot - INFO - Mentions bot run complete
2025-06-22 22:59:36,683 - mentions_bot - INFO - Starting Twitter mentions bot...
2025-06-22 22:59:36,684 - mentions_bot - INFO - Twitter client initialized
2025-06-22 22:59:36,684 - mentions_bot - INFO - Loaded 0 existing tweet IDs from CSV
2025-06-22 22:59:36,684 - mentions_bot - INFO - Mentions logger initialized with path: mentions.csv
2025-06-22 22:59:36,684 - mentions_bot - INFO - Mentions bot initialized successfully
2025-06-22 22:59:36,684 - mentions_bot - INFO - Last seen ID file not found at C:/Program Files/Git/app/data/last_seen_id.txt
2025-06-22 22:59:36,915 - mentions_bot - INFO - Rate limit for mentions: 180/180, resets in 900 seconds
2025-06-22 22:59:36,916 - mentions_bot - INFO - Fetching mentions...
2025-06-22 22:59:36,916 - tweepy.client - WARNING - Unexpected parameter: user.fields
2025-06-22 22:59:37,110 - mentions_bot - WARNING - Rate limit hit while fetching mentions: 429 Too Many Requests
Too Many Requests
2025-06-22 22:59:37,111 - eli5bot - INFO - Adding 30-second safety buffer to rate limit reset time. Total wait: 612 seconds
2025-06-22 22:59:37,111 - mentions_bot - INFO - Need to wait 612 seconds before retrying
2025-06-22 22:59:37,111 - eli5bot - INFO - Adding 30-second safety buffer to rate limit reset time. Total wait: 612 seconds
2025-06-22 22:59:37,112 - mentions_bot - WARNING - Rate limit hit while fetching mentions. Need to wait 612 seconds.
2025-06-22 22:59:37,112 - mentions_bot - INFO - Waiting for rate limit to reset: 642 seconds remaining...
2025-06-22 22:59:48,778 - mentions_bot - INFO - Bot stopped by user
2025-06-22 22:59:53,187 - mentions_bot - INFO - Starting Twitter mentions bot...
2025-06-22 22:59:53,187 - mentions_bot - INFO - Twitter client initialized
2025-06-22 22:59:53,188 - mentions_bot - INFO - Loaded 0 existing tweet IDs from CSV
2025-06-22 22:59:53,188 - mentions_bot - INFO - Mentions logger initialized with path: mentions.csv
2025-06-22 22:59:53,188 - mentions_bot - INFO - Mentions bot initialized successfully
2025-06-22 22:59:53,188 - mentions_bot - INFO - Last seen ID file not found at C:/Program Files/Git/app/data/last_seen_id.txt
2025-06-22 22:59:53,411 - mentions_bot - INFO - Rate limit for mentions: 180/180, resets in 900 seconds
2025-06-22 22:59:53,411 - mentions_bot - INFO - Fetching mentions...
2025-06-22 22:59:53,412 - tweepy.client - WARNING - Unexpected parameter: user.fields
2025-06-22 22:59:53,675 - mentions_bot - WARNING - Rate limit hit while fetching mentions: 429 Too Many Requests
Too Many Requests
2025-06-22 22:59:53,676 - eli5bot - INFO - Adding 30-second safety buffer to rate limit reset time. Total wait: 596 seconds
2025-06-22 22:59:53,676 - mentions_bot - INFO - Need to wait 596 seconds before retrying
2025-06-22 22:59:53,676 - eli5bot - INFO - Adding 30-second safety buffer to rate limit reset time. Total wait: 596 seconds
2025-06-22 22:59:53,676 - mentions_bot - WARNING - Rate limit hit while fetching mentions. Need to wait 596 seconds.
2025-06-22 22:59:53,677 - mentions_bot - INFO - Waiting for rate limit to reset: 626 seconds remaining...
2025-06-22 23:00:23,677 - mentions_bot - INFO - Waiting for rate limit to reset: 596 seconds remaining...
2025-06-22 23:00:53,679 - mentions_bot - INFO - Waiting for rate limit to reset: 566 seconds remaining...
2025-06-22 23:01:23,680 - mentions_bot - INFO - Waiting for rate limit to reset: 536 seconds remaining...
2025-06-22 23:01:53,682 - mentions_bot - INFO - Waiting for rate limit to reset: 506 seconds remaining...
2025-06-22 23:02:23,683 - mentions_bot - INFO - Waiting for rate limit to reset: 476 seconds remaining...
2025-06-22 23:02:53,684 - mentions_bot - INFO - Waiting for rate limit to reset: 446 seconds remaining...
2025-06-22 23:03:23,685 - mentions_bot - INFO - Waiting for rate limit to reset: 416 seconds remaining...
2025-06-22 23:03:53,686 - mentions_bot - INFO - Waiting for rate limit to reset: 386 seconds remaining...
2025-06-22 23:04:23,688 - mentions_bot - INFO - Waiting for rate limit to reset: 356 seconds remaining...
2025-06-22 23:04:53,689 - mentions_bot - INFO - Waiting for rate limit to reset: 326 seconds remaining...
2025-06-22 23:05:23,690 - mentions_bot - INFO - Waiting for rate limit to reset: 296 seconds remaining...
2025-06-22 23:05:53,692 - mentions_bot - INFO - Waiting for rate limit to reset: 266 seconds remaining...
2025-06-22 23:06:23,694 - mentions_bot - INFO - Waiting for rate limit to reset: 236 seconds remaining...
2025-06-22 23:06:53,695 - mentions_bot - INFO - Waiting for rate limit to reset: 206 seconds remaining...
2025-06-22 23:07:23,696 - mentions_bot - INFO - Waiting for rate limit to reset: 176 seconds remaining...
2025-06-22 23:07:53,697 - mentions_bot - INFO - Waiting for rate limit to reset: 146 seconds remaining...
2025-06-22 23:08:23,699 - mentions_bot - INFO - Waiting for rate limit to reset: 116 seconds remaining...
2025-06-22 23:08:53,700 - mentions_bot - INFO - Waiting for rate limit to reset: 86 seconds remaining...
2025-06-22 23:09:23,701 - mentions_bot - INFO - Waiting for rate limit to reset: 56 seconds remaining...
2025-06-22 23:09:53,702 - mentions_bot - INFO - Waiting for rate limit to reset: 26 seconds remaining...
2025-06-22 23:10:19,703 - mentions_bot - INFO - Rate limit wait complete. Will try again on next run.
2025-06-22 23:10:19,704 - mentions_bot - INFO - Mentions bot run complete
2025-06-22 23:34:04,384 - mentions_bot - INFO - Starting Twitter mentions bot...
2025-06-22 23:34:04,384 - mentions_bot - INFO - Twitter client initialized
2025-06-22 23:34:04,385 - mentions_bot - INFO - Loaded 0 existing tweet IDs from CSV
2025-06-22 23:34:04,385 - mentions_bot - INFO - Mentions logger initialized with path: mentions.csv
2025-06-22 23:34:04,385 - mentions_bot - INFO - Mentions bot initialized successfully
2025-06-22 23:34:04,386 - mentions_bot - INFO - Last seen ID file not found at C:/Program Files/Git/app/data/last_seen_id.txt
2025-06-22 23:34:04,601 - mentions_bot - INFO - Rate limit for mentions: 180/180, resets in 900 seconds
2025-06-22 23:34:04,602 - mentions_bot - INFO - Fetching mentions...
2025-06-22 23:34:04,602 - tweepy.client - WARNING - Unexpected parameter: user.fields
2025-06-22 23:34:04,841 - mentions_bot - WARNING - Rate limit hit while fetching mentions: 429 Too Many Requests
Too Many Requests
2025-06-22 23:34:04,842 - eli5bot - INFO - Adding 30-second safety buffer to rate limit reset time. Total wait: 485 seconds
2025-06-22 23:34:04,842 - mentions_bot - INFO - Need to wait 485 seconds before retrying
2025-06-22 23:34:04,842 - eli5bot - INFO - Adding 30-second safety buffer to rate limit reset time. Total wait: 485 seconds
2025-06-22 23:34:04,843 - mentions_bot - WARNING - Rate limit hit while fetching mentions. Need to wait 485 seconds.
2025-06-22 23:34:04,843 - mentions_bot - INFO - Waiting for rate limit to reset: 515 seconds remaining...
2025-06-22 23:34:34,844 - mentions_bot - INFO - Waiting for rate limit to reset: 485 seconds remaining...
2025-06-22 23:35:04,845 - mentions_bot - INFO - Waiting for rate limit to reset: 455 seconds remaining...
2025-06-22 23:35:34,846 - mentions_bot - INFO - Waiting for rate limit to reset: 425 seconds remaining...
2025-06-22 23:36:04,847 - mentions_bot - INFO - Waiting for rate limit to reset: 395 seconds remaining...
2025-06-22 23:36:34,849 - mentions_bot - INFO - Waiting for rate limit to reset: 365 seconds remaining...
2025-06-22 23:37:04,850 - mentions_bot - INFO - Waiting for rate limit to reset: 335 seconds remaining...
2025-06-22 23:37:34,851 - mentions_bot - INFO - Waiting for rate limit to reset: 305 seconds remaining...
2025-06-22 23:38:04,852 - mentions_bot - INFO - Waiting for rate limit to reset: 275 seconds remaining...
2025-06-22 23:38:34,853 - mentions_bot - INFO - Waiting for rate limit to reset: 245 seconds remaining...
2025-06-22 23:39:04,854 - mentions_bot - INFO - Waiting for rate limit to reset: 215 seconds remaining...
2025-06-22 23:39:34,855 - mentions_bot - INFO - Waiting for rate limit to reset: 185 seconds remaining...
2025-06-22 23:40:04,856 - mentions_bot - INFO - Waiting for rate limit to reset: 155 seconds remaining...
2025-06-22 23:40:34,857 - mentions_bot - INFO - Waiting for rate limit to reset: 125 seconds remaining...
2025-06-22 23:41:04,859 - mentions_bot - INFO - Waiting for rate limit to reset: 95 seconds remaining...
2025-06-22 23:45:50,927 - mentions_bot - INFO - Starting Twitter mentions bot...
2025-06-22 23:45:50,927 - mentions_bot - INFO - Twitter client initialized
2025-06-22 23:45:50,935 - mentions_bot - INFO - Loaded 0 existing tweet IDs from CSV
2025-06-22 23:45:50,935 - mentions_bot - INFO - Mentions logger initialized with path: mentions.csv
2025-06-22 23:45:50,935 - mentions_bot - INFO - Mentions bot initialized successfully
2025-06-22 23:45:50,936 - mentions_bot - INFO - Last seen ID file not found at C:/Program Files/Git/app/data/last_seen_id.txt
2025-06-22 23:45:51,230 - mentions_bot - INFO - Rate limit for mentions: 180/180, resets in 900 seconds
2025-06-22 23:45:51,231 - mentions_bot - INFO - Fetching mentions...
2025-06-22 23:45:51,231 - tweepy.client - WARNING - Unexpected parameter: user.fields
2025-06-22 23:45:51,447 - mentions_bot - WARNING - Rate limit hit while fetching mentions: 429 Too Many Requests
Too Many Requests
2025-06-22 23:45:51,447 - eli5bot - INFO - Adding 30-second safety buffer to rate limit reset time. Total wait: 742 seconds
2025-06-22 23:45:51,447 - mentions_bot - INFO - Need to wait 742 seconds before retrying
2025-06-22 23:45:51,447 - eli5bot - INFO - Adding 30-second safety buffer to rate limit reset time. Total wait: 742 seconds
2025-06-22 23:45:51,447 - mentions_bot - WARNING - Rate limit hit while fetching mentions. Need to wait 742 seconds.
2025-06-22 23:45:51,447 - mentions_bot - INFO - Waiting for rate limit to reset: 772 seconds remaining...
2025-06-22 23:46:21,448 - mentions_bot - INFO - Waiting for rate limit to reset: 742 seconds remaining...
2025-06-22 23:46:51,449 - mentions_bot - INFO - Waiting for rate limit to reset: 712 seconds remaining...
2025-06-22 23:47:21,450 - mentions_bot - INFO - Waiting for rate limit to reset: 682 seconds remaining...
2025-06-22 23:47:51,451 - mentions_bot - INFO - Waiting for rate limit to reset: 652 seconds remaining...
2025-06-22 23:49:03,782 - mentions_bot - INFO - Starting Twitter mentions bot...
2025-06-22 23:49:03,783 - mentions_bot - INFO - Twitter client initialized
2025-06-22 23:49:03,789 - mentions_bot - INFO - Loaded 0 existing tweet IDs from CSV
2025-06-22 23:49:03,789 - mentions_bot - INFO - Mentions logger initialized with path: mentions.csv
2025-06-22 23:49:03,790 - mentions_bot - INFO - Mentions bot initialized successfully
2025-06-22 23:49:04,011 - mentions_bot - INFO - Rate limit for mentions: 180/180, resets in 899 seconds
2025-06-22 23:49:04,012 - mentions_bot - INFO - Fetching mentions...
2025-06-22 23:49:04,251 - mentions_bot - WARNING - Rate limit hit while fetching mentions: 429 Too Many Requests
Too Many Requests
2025-06-22 23:49:04,252 - eli5bot - INFO - Adding 30-second safety buffer to rate limit reset time. Total wait: 549 seconds
2025-06-22 23:49:04,252 - mentions_bot - INFO - Need to wait 549 seconds before retrying
2025-06-22 23:49:04,252 - eli5bot - INFO - Adding 30-second safety buffer to rate limit reset time. Total wait: 549 seconds
2025-06-22 23:49:04,253 - mentions_bot - WARNING - Rate limit hit while fetching mentions. Need to wait 549 seconds.
2025-06-22 23:49:04,253 - mentions_bot - INFO - Waiting for rate limit to reset: 579 seconds remaining...
2025-06-22 23:49:34,254 - mentions_bot - INFO - Waiting for rate limit to reset: 549 seconds remaining...
2025-06-22 23:50:04,254 - mentions_bot - INFO - Waiting for rate limit to reset: 519 seconds remaining...
2025-06-22 23:50:34,256 - mentions_bot - INFO - Waiting for rate limit to reset: 489 seconds remaining...
2025-06-22 23:51:04,256 - mentions_bot - INFO - Waiting for rate limit to reset: 459 seconds remaining...
2025-06-22 23:51:34,257 - mentions_bot - INFO - Waiting for rate limit to reset: 429 seconds remaining...
2025-06-22 23:52:04,258 - mentions_bot - INFO - Waiting for rate limit to reset: 399 seconds remaining...
2025-06-22 23:52:34,260 - mentions_bot - INFO - Waiting for rate limit to reset: 369 seconds remaining...
2025-06-22 23:53:04,261 - mentions_bot - INFO - Waiting for rate limit to reset: 339 seconds remaining...
2025-06-22 23:53:34,262 - mentions_bot - INFO - Waiting for rate limit to reset: 309 seconds remaining...
2025-06-22 23:54:04,263 - mentions_bot - INFO - Waiting for rate limit to reset: 279 seconds remaining...
2025-06-22 23:54:34,264 - mentions_bot - INFO - Waiting for rate limit to reset: 249 seconds remaining...
2025-06-22 23:55:04,265 - mentions_bot - INFO - Waiting for rate limit to reset: 219 seconds remaining...
2025-06-22 23:55:34,266 - mentions_bot - INFO - Waiting for rate limit to reset: 189 seconds remaining...
2025-06-22 23:56:04,267 - mentions_bot - INFO - Waiting for rate limit to reset: 159 seconds remaining...
